0 info it worked if it ends with ok
1 verbose cli [ 'node', '/usr/local/bin/npm', 'start' ]
2 info using npm@2.0.0
3 info using node@v0.10.28
4 verbose node symlink /usr/local/bin/node
5 verbose run-script [ 'prestart', 'start', 'poststart' ]
6 info prestart bear_service@0.0.0
7 info start bear_service@0.0.0
8 verbose unsafe-perm in lifecycle true
9 info bear_service@0.0.0 Failed to exec start script
10 verbose stack Error: bear_service@0.0.0 start: `node ./bin/www`
10 verbose stack Exit status 8
10 verbose stack     at ChildProcess.<anonymous> (/usr/local/lib/node_modules/npm/lib/utils/lifecycle.js:212:16)
10 verbose stack     at ChildProcess.EventEmitter.emit (events.js:98:17)
10 verbose stack     at maybeClose (child_process.js:753:16)
10 verbose stack     at Process.ChildProcess._handle.onexit (child_process.js:820:5)
11 verbose pkgid bear_service@0.0.0
12 verbose cwd /Users/bivachon22/Node/bear_service
13 error Darwin 13.4.0
14 error argv "node" "/usr/local/bin/npm" "start"
15 error node v0.10.28
16 error npm  v2.0.0
17 error code ELIFECYCLE
18 error bear_service@0.0.0 start: `node ./bin/www`
18 error Exit status 8
19 error Failed at the bear_service@0.0.0 start script.
19 error This is most likely a problem with the bear_service package,
19 error not with npm itself.
19 error Tell the author that this fails on your system:
19 error     node ./bin/www
19 error You can get their info via:
19 error     npm owner ls bear_service
19 error There is likely additional logging output above.
20 verbose exit [ 1, true ]
